c:\users\arnold suptelch\source\repos\lab3cp3\lab3cp3\x64\debug\vc142.pdb
c:\users\arnold suptelch\source\repos\lab3cp3\lab3cp3\x64\debug\vc142.idb
c:\users\arnold suptelch\source\repos\lab3cp3\lab3cp3\x64\debug\sourcev2.obj
c:\users\arnold suptelch\source\repos\lab3cp3\lab3cp3\x64\debug\source.obj
c:\users\arnold suptelch\source\repos\lab3cp3\x64\debug\lab3cp3-3.pdb
c:\users\arnold suptelch\source\repos\lab3cp3\lab3cp3\x64\debug\lab3cp3-3.tlog\cl.command.1.tlog
c:\users\arnold suptelch\source\repos\lab3cp3\lab3cp3\x64\debug\lab3cp3-3.tlog\cl.read.1.tlog
c:\users\arnold suptelch\source\repos\lab3cp3\lab3cp3\x64\debug\lab3cp3-3.tlog\cl.write.1.tlog
c:\users\arnold suptelch\source\repos\lab3cp3\lab3cp3\x64\debug\lab3cp3-3.tlog\link-cvtres.read.1.tlog
c:\users\arnold suptelch\source\repos\lab3cp3\lab3cp3\x64\debug\lab3cp3-3.tlog\link-cvtres.write.1.tlog
c:\users\arnold suptelch\source\repos\lab3cp3\lab3cp3\x64\debug\lab3cp3-3.tlog\link-rc.read.1.tlog
c:\users\arnold suptelch\source\repos\lab3cp3\lab3cp3\x64\debug\lab3cp3-3.tlog\link-rc.write.1.tlog
c:\users\arnold suptelch\source\repos\lab3cp3\lab3cp3\x64\debug\lab3cp3-3.tlog\link.8616-cvtres.read.1.tlog
c:\users\arnold suptelch\source\repos\lab3cp3\lab3cp3\x64\debug\lab3cp3-3.tlog\link.8616-cvtres.write.1.tlog
c:\users\arnold suptelch\source\repos\lab3cp3\lab3cp3\x64\debug\lab3cp3-3.tlog\link.8616-rc.read.1.tlog
c:\users\arnold suptelch\source\repos\lab3cp3\lab3cp3\x64\debug\lab3cp3-3.tlog\link.8616-rc.write.1.tlog
c:\users\arnold suptelch\source\repos\lab3cp3\lab3cp3\x64\debug\lab3cp3-3.tlog\link.8616.read.1.tlog
c:\users\arnold suptelch\source\repos\lab3cp3\lab3cp3\x64\debug\lab3cp3-3.tlog\link.8616.write.1.tlog
c:\users\arnold suptelch\source\repos\lab3cp3\lab3cp3\x64\debug\lab3cp3-3.tlog\link.command.1.tlog
c:\users\arnold suptelch\source\repos\lab3cp3\lab3cp3\x64\debug\lab3cp3-3.tlog\link.read.1.tlog
c:\users\arnold suptelch\source\repos\lab3cp3\lab3cp3\x64\debug\lab3cp3-3.tlog\link.write.1.tlog
